unityLibrary/build/intermediates/manifest_merge_blame_file/debug/manifest-merger-blame-debug-report.txt
1<?xml version="1.0" encoding="utf-8"?>
2<!-- GENERATED BY UNITY. REMOVE THIS COMMENT TO PREVENT OVERWRITING WHEN EXPORTING AGAIN -->
3<manifest xmlns:android="http://schemas.android.com/apk/res/android"
4    xmlns:tools="http://schemas.android.com/tools"
5    package="com.unity3d.player"
6    android:versionCode="1"
7    android:versionName="1.0.0" >
8
9    <uses-sdk
10        android:minSdkVersion="24"
10-->src/main/AndroidManifest.xml
11        android:targetSdkVersion="29" />
11-->src/main/AndroidManifest.xml
12
13    <uses-feature android:glEsVersion="0x00030000" />
13-->src/main/AndroidManifest.xml:20:3-52
13-->src/main/AndroidManifest.xml:20:17-49
14
15    <uses-permission android:name="android.permission.CAMERA" />
15-->src/main/AndroidManifest.xml:21:3-63
15-->src/main/AndroidManifest.xml:21:20-60
16
17    <uses-feature
17-->src/main/AndroidManifest.xml:22:3-88
18        android:name="android.hardware.touchscreen"
18-->src/main/AndroidManifest.xml:22:17-60
19        android:required="false" />
19-->src/main/AndroidManifest.xml:22:61-85
20    <uses-feature
20-->src/main/AndroidManifest.xml:23:3-99
21        android:name="android.hardware.touchscreen.multitouch"
21-->src/main/AndroidManifest.xml:23:17-71
22        android:required="false" />
22-->src/main/AndroidManifest.xml:23:72-96
23    <uses-feature
23-->src/main/AndroidManifest.xml:24:3-108
24        android:name="android.hardware.touchscreen.multitouch.distinct"
24-->src/main/AndroidManifest.xml:24:17-80
25        android:required="false" />
25-->src/main/AndroidManifest.xml:24:81-105
26
27    <application>
27-->src/main/AndroidManifest.xml:4:3-19:17
28        <activity
28-->src/main/AndroidManifest.xml:5:5-12:16
29            android:name="com.unity3d.player.UnityPlayerActivity"
29-->src/main/AndroidManifest.xml:5:15-68
30            android:configChanges="mcc|mnc|locale|touchscreen|keyboard|keyboardHidden|navigation|orientation|screenLayout|uiMode|screenSize|smallestScreenSize|fontScale|layoutDirection|density"
30-->src/main/AndroidManifest.xml:5:180-361
31            android:hardwareAccelerated="false"
31-->src/main/AndroidManifest.xml:5:362-397
32            android:launchMode="singleTask"
32-->src/main/AndroidManifest.xml:5:148-179
33            android:screenOrientation="portrait"
33-->src/main/AndroidManifest.xml:5:111-147
34            android:theme="@style/UnityThemeSelector" >
34-->src/main/AndroidManifest.xml:5:69-110
35            <intent-filter>
35-->src/main/AndroidManifest.xml:6:7-9:23
36                <action android:name="android.intent.action.MAIN" />
36-->src/main/AndroidManifest.xml:7:9-61
36-->src/main/AndroidManifest.xml:7:17-58
37
38                <category android:name="android.intent.category.LAUNCHER" />
38-->src/main/AndroidManifest.xml:8:9-69
38-->src/main/AndroidManifest.xml:8:19-66
39            </intent-filter>
40
41            <meta-data
41-->src/main/AndroidManifest.xml:10:7-82
42                android:name="unityplayer.UnityActivity"
42-->src/main/AndroidManifest.xml:10:18-58
43                android:value="true" />
43-->src/main/AndroidManifest.xml:10:59-79
44            <meta-data
44-->src/main/AndroidManifest.xml:11:7-78
45                android:name="android.notch_support"
45-->src/main/AndroidManifest.xml:11:18-54
46                android:value="true" />
46-->src/main/AndroidManifest.xml:11:55-75
47        </activity>
48
49        <meta-data
49-->src/main/AndroidManifest.xml:13:5-73
50            android:name="unity.tango-enable"
50-->src/main/AndroidManifest.xml:13:16-49
51            android:value="True" />
51-->src/main/AndroidManifest.xml:13:50-70
52        <meta-data
52-->src/main/AndroidManifest.xml:14:5-88
53            android:name="unityplayer.SkipPermissionsDialog"
53-->src/main/AndroidManifest.xml:14:16-64
54            android:value="true" />
54-->src/main/AndroidManifest.xml:14:65-85
55        <meta-data
55-->src/main/AndroidManifest.xml:15:5-69
56            android:name="unity.splash-mode"
56-->src/main/AndroidManifest.xml:15:16-48
57            android:value="2" />
57-->src/main/AndroidManifest.xml:15:49-66
58        <meta-data
58-->src/main/AndroidManifest.xml:16:5-74
59            android:name="unity.splash-enable"
59-->src/main/AndroidManifest.xml:16:16-50
60            android:value="True" />
60-->src/main/AndroidManifest.xml:16:51-71
61        <meta-data
61-->src/main/AndroidManifest.xml:17:5-81
62            android:name="notch.config"
62-->src/main/AndroidManifest.xml:17:16-43
63            android:value="portrait|landscape" />
63-->src/main/AndroidManifest.xml:17:44-78
64        <meta-data
64-->src/main/AndroidManifest.xml:18:5-101
65            android:name="unity.build-id"
65-->src/main/AndroidManifest.xml:18:16-45
66            android:value="71731acd-7fca-4fcb-8e3f-feba312b82de" />
66-->src/main/AndroidManifest.xml:18:46-98
67    </application>
68
69</manifest>